<?xml version="1.0" encoding="UTF-8"?>
<testsuite name="com.rakesh.spring.springbackend.TestAddress" time="0" tests="1" errors="0" skipped="1" failures="0">
  <properties>
[...]
</properties>
  <testcase name="testAddressInsert" classname="com.rakesh.spring.springbackend.TestAddress" time="0">
    <skipped/>
    <system-err><![CDATA[May 20, 2018 10:30:07 AM org.springframework.test.context.support.AbstractTestContextBootstrapper getDefaultTestExecutionListenerClassNames
INFO: Loaded default TestExecutionListener class names from location [META-INF/spring.factories]: [org.springframework.test.context.web.ServletTestExecutionListener, org.springframework.test.context.support.DirtiesContextBeforeModesTestExecutionListener, org.springframework.test.context.support.DependencyInjectionTestExecutionListener, org.springframework.test.context.support.DirtiesContextTestExecutionListener, org.springframework.test.context.transaction.TransactionalTestExecutionListener, org.springframework.test.context.jdbc.SqlScriptsTestExecutionListener]
May 20, 2018 10:30:07 AM org.springframework.test.context.support.AbstractTestContextBootstrapper getTestExecutionListeners
INFO: Using TestExecutionListeners: [org.springframework.test.context.support.DirtiesContextBeforeModesTestExecutionListener@5f2108b5, org.springframework.test.context.support.DependencyInjectionTestExecutionListener@31a5c39e, org.springframework.test.context.support.DirtiesContextTestExecutionListener@3f49dace, org.springframework.test.context.transaction.TransactionalTestExecutionListener@1e397ed7, org.springframework.test.context.jdbc.SqlScriptsTestExecutionListener@490ab905]
]]></system-err>
  </testcase>
</testsuite>